SF:lib/core/model/imgflip_response_model.dart
DA:7,2
DA:11,4
DA:12,2
DA:13,6
DA:14,4
DA:15,4
DA:17,2
DA:18,2
DA:19,4
DA:20,3
DA:32,1
DA:34,2
LF:12
LH:12
end_of_record
SF:lib/features/votememe/data/models/meme_model.dart
DA:35,3
DA:37,3
DA:40,3
DA:43,21
DA:44,0
DA:45,0
LF:6
LH:4
end_of_record
SF:lib/features/votememe/data/models/meme_model.g.dart
DA:9,6
DA:10,6
DA:11,6
DA:12,6
DA:13,6
DA:14,6
DA:15,6
LF:7
LH:7
end_of_record
SF:lib/core/interface/api_client/base_client_generator.dart
DA:2,19
DA:9,2
DA:10,2
LF:3
LH:3
end_of_record
SF:lib/core/interface/response/network_error.dart
DA:7,18
LF:1
LH:1
end_of_record
SF:lib/core/service/api_holder.dart
DA:8,19
DA:11,3
DA:14,3
DA:16,3
DA:17,6
DA:20,3
DA:22,6
DA:25,3
DA:27,3
DA:28,3
DA:32,3
DA:34,3
DA:35,3
DA:41,3
DA:43,3
DA:44,3
LF:16
LH:16
end_of_record
SF:lib/core/service/network_connectivity.dart
DA:5,1
DA:6,1
DA:7,3
LF:3
LH:3
end_of_record
SF:lib/core/service/network_creator.dart
DA:9,2
DA:11,2
DA:13,6
DA:14,2
DA:15,2
DA:16,2
DA:17,2
DA:18,2
DA:19,2
DA:20,2
DA:21,2
DA:22,1
DA:23,4
DA:24,2
LF:14
LH:14
end_of_record
SF:lib/core/service/network_options/network_options.dart
DA:4,1
LF:1
LH:1
end_of_record
SF:lib/core/single_source_of_truth/network_decoder.dart
DA:8,1
DA:11,1
DA:12,1
DA:13,1
DA:14,2
DA:15,4
DA:17,1
DA:18,1
DA:20,0
DA:21,0
DA:23,1
LF:11
LH:9
end_of_record
SF:lib/core/single_source_of_truth/network_executer.dart
DA:16,1
DA:21,1
DA:26,3
DA:29,3
DA:30,2
DA:32,1
DA:35,1
DA:36,2
DA:39,1
DA:40,3
LF:10
LH:10
end_of_record
SF:lib/core/backend/vote_handler.dart
DA:12,0
DA:13,0
DA:14,0
DA:15,0
DA:16,0
DA:17,0
DA:20,0
DA:21,0
DA:22,0
DA:23,0
DA:26,0
DA:27,0
DA:28,0
DA:29,0
DA:31,0
DA:33,0
DA:36,0
DA:38,0
DA:39,0
DA:40,0
DA:41,0
DA:42,0
DA:43,0
DA:45,0
DA:46,0
DA:48,0
DA:49,0
DA:51,0
DA:52,0
LF:29
LH:0
end_of_record
SF:lib/features/votememe/data/repositories/meme_repository_impl.dart
DA:16,1
DA:20,1
DA:21,1
DA:22,3
DA:23,1
DA:24,1
DA:25,1
DA:26,3
DA:27,1
DA:28,3
DA:29,1
DA:31,2
DA:34,1
DA:37,2
DA:39,5
DA:41,1
DA:42,1
DA:43,1
DA:45,2
DA:47,2
DA:48,2
DA:49,1
DA:50,1
DA:52,0
DA:53,0
DA:56,1
DA:57,3
DA:61,1
DA:63,2
DA:64,1
LF:30
LH:28
end_of_record
SF:lib/features/votememe/domain/usecases/get_meme_vote_detail.dart
DA:10,1
DA:12,1
DA:13,3
DA:21,1
DA:23,3
LF:5
LH:5
end_of_record
SF:lib/core/usecases/usecase.dart
DA:10,0
DA:12,0
LF:2
LH:0
end_of_record
SF:lib/features/votememe/domain/usecases/get_round_life_time.dart
DA:8,1
DA:10,1
DA:11,2
LF:3
LH:3
end_of_record
SF:lib/features/votememe/domain/usecases/vote_meme.dart
DA:8,1
DA:10,1
DA:11,2
LF:3
LH:3
end_of_record
